Assuming unrestricted shared filesystem usage.
None
host: Host-003.lan
Building DAG of jobs...
Using shell: /bin/bash
Provided cores: 8
Rules claiming more threads will be scaled down.
Job stats:
job               count
--------------  -------
all                   1
run_simulation       31
total                32

Select jobs to execute...
Execute 8 jobs...
[Tue Feb 10 08:50:05 2026]
localrule run_simulation:
    input: /Users/giacomopreti/Desktop/VBT/GMV/data/derivatives/sub-2019012101
    output: results/bold/sub-2019012101_bold.npy
    jobid: 6
    reason: Missing output files: results/bold/sub-2019012101_bold.npy
    wildcards: pid=sub-2019012101
    resources: tmpdir=/var/folders/65/0rggzw_s3c39y4m504krlw380000gn/T

[Tue Feb 10 08:50:05 2026]
localrule run_simulation:
    input: /Users/giacomopreti/Desktop/VBT/GMV/data/derivatives/sub-2015061901
    output: results/bold/sub-2015061901_bold.npy
    jobid: 21
    reason: Missing output files: results/bold/sub-2015061901_bold.npy
    wildcards: pid=sub-2015061901
    resources: tmpdir=/var/folders/65/0rggzw_s3c39y4m504krlw380000gn/T

[Tue Feb 10 08:50:05 2026]
localrule run_simulation:
    input: /Users/giacomopreti/Desktop/VBT/GMV/data/derivatives/sub-1857
    output: results/bold/sub-1857_bold.npy
    jobid: 14
    reason: Missing output files: results/bold/sub-1857_bold.npy
    wildcards: pid=sub-1857
    resources: tmpdir=/var/folders/65/0rggzw_s3c39y4m504krlw380000gn/T

[Tue Feb 10 08:50:05 2026]
localrule run_simulation:
    input: /Users/giacomopreti/Desktop/VBT/GMV/data/derivatives/sub-2015060902
    output: results/bold/sub-2015060902_bold.npy
    jobid: 7
    reason: Missing output files: results/bold/sub-2015060902_bold.npy
    wildcards: pid=sub-2015060902
    resources: tmpdir=/var/folders/65/0rggzw_s3c39y4m504krlw380000gn/T

[Tue Feb 10 08:50:05 2026]
localrule run_simulation:
    input: /Users/giacomopreti/Desktop/VBT/GMV/data/derivatives/sub-1279
    output: results/bold/sub-1279_bold.npy
    jobid: 22
    reason: Missing output files: results/bold/sub-1279_bold.npy
    wildcards: pid=sub-1279
    resources: tmpdir=/var/folders/65/0rggzw_s3c39y4m504krlw380000gn/T

[Tue Feb 10 08:50:05 2026]
localrule run_simulation:
    input: /Users/giacomopreti/Desktop/VBT/GMV/data/derivatives/sub-1859
    output: results/bold/sub-1859_bold.npy
    jobid: 15
    reason: Missing output files: results/bold/sub-1859_bold.npy
    wildcards: pid=sub-1859
    resources: tmpdir=/var/folders/65/0rggzw_s3c39y4m504krlw380000gn/T

[Tue Feb 10 08:50:05 2026]
localrule run_simulation:
    input: /Users/giacomopreti/Desktop/VBT/GMV/data/derivatives/sub-1272
    output: results/bold/sub-1272_bold.npy
    jobid: 1
    reason: Missing output files: results/bold/sub-1272_bold.npy
    wildcards: pid=sub-1272
    resources: tmpdir=/var/folders/65/0rggzw_s3c39y4m504krlw380000gn/T

[Tue Feb 10 08:50:05 2026]
localrule run_simulation:
    input: /Users/giacomopreti/Desktop/VBT/GMV/data/derivatives/sub-2015052501
    output: results/bold/sub-2015052501_bold.npy
    jobid: 30
    reason: Missing output files: results/bold/sub-2015052501_bold.npy
    wildcards: pid=sub-2015052501
    resources: tmpdir=/var/folders/65/0rggzw_s3c39y4m504krlw380000gn/T

Waiting for more resources.
Select jobs to execute...
Terminating processes on user request, this might take some time.
