Assuming unrestricted shared filesystem usage.
host: EPINOV5
Building DAG of jobs...
Using shell: /home/prior/vep_pipeline/fsl/bin/bash
Provided cores: 8
Rules claiming more threads will be scaled down.
Job stats:
job               count
--------------  -------
all                   1
run_simulation       29
total                30

Select jobs to execute...
Execute 8 jobs...
[Wed Feb  4 17:42:09 2026]
localrule run_simulation:
    input: /data3/VBT_SCZ/GMV/data/derivatives/sub-1863
    output: results/bold/sub-1863_bold.npy
    jobid: 17
    reason: Missing output files: results/bold/sub-1863_bold.npy
    wildcards: pid=sub-1863
    resources: tmpdir=/tmp
[Wed Feb  4 17:42:09 2026]
localrule run_simulation:
    input: /data3/VBT_SCZ/GMV/data/derivatives/sub-1198
    output: results/bold/sub-1198_bold.npy
    jobid: 1
    reason: Missing output files: results/bold/sub-1198_bold.npy
    wildcards: pid=sub-1198
    resources: tmpdir=/tmp
[Wed Feb  4 17:42:09 2026]
localrule run_simulation:
    input: /data3/VBT_SCZ/GMV/data/derivatives/sub-1862
    output: results/bold/sub-1862_bold.npy
    jobid: 16
    reason: Missing output files: results/bold/sub-1862_bold.npy
    wildcards: pid=sub-1862
    resources: tmpdir=/tmp
[Wed Feb  4 17:42:09 2026]
localrule run_simulation:
    input: /data3/VBT_SCZ/GMV/data/derivatives/sub-1861
    output: results/bold/sub-1861_bold.npy
    jobid: 15
    reason: Missing output files: results/bold/sub-1861_bold.npy
    wildcards: pid=sub-1861
    resources: tmpdir=/tmp
[Wed Feb  4 17:42:09 2026]
localrule run_simulation:
    input: /data3/VBT_SCZ/GMV/data/derivatives/sub-1860
    output: results/bold/sub-1860_bold.npy
    jobid: 14
    reason: Missing output files: results/bold/sub-1860_bold.npy
    wildcards: pid=sub-1860
    resources: tmpdir=/tmp
[Wed Feb  4 17:42:09 2026]
localrule run_simulation:
    input: /data3/VBT_SCZ/GMV/data/derivatives/sub-2019052301
    output: results/bold/sub-2019052301_bold.npy
    jobid: 29
    reason: Missing output files: results/bold/sub-2019052301_bold.npy
    wildcards: pid=sub-2019052301
    resources: tmpdir=/tmp
[Wed Feb  4 17:42:09 2026]
localrule run_simulation:
    input: /data3/VBT_SCZ/GMV/data/derivatives/sub-1859
    output: results/bold/sub-1859_bold.npy
    jobid: 13
    reason: Missing output files: results/bold/sub-1859_bold.npy
    wildcards: pid=sub-1859
    resources: tmpdir=/tmp
[Wed Feb  4 17:42:09 2026]
localrule run_simulation:
    input: /data3/VBT_SCZ/GMV/data/derivatives/sub-1278
    output: results/bold/sub-1278_bold.npy
    jobid: 7
    reason: Missing output files: results/bold/sub-1278_bold.npy
    wildcards: pid=sub-1278
    resources: tmpdir=/tmp
Select jobs to execute...
[Wed Feb  4 17:43:01 2026]
Finished jobid: 7 (Rule: run_simulation)
1 of 30 steps (3%) done
Execute 1 jobs...
[Wed Feb  4 17:43:01 2026]
localrule run_simulation:
    input: /data3/VBT_SCZ/GMV/data/derivatives/sub-2015052501
    output: results/bold/sub-2015052501_bold.npy
    jobid: 18
    reason: Missing output files: results/bold/sub-2015052501_bold.npy
    wildcards: pid=sub-2015052501
    resources: tmpdir=/tmp
[Wed Feb  4 17:43:01 2026]
Finished jobid: 16 (Rule: run_simulation)
2 of 30 steps (7%) done
[Wed Feb  4 17:43:01 2026]
Finished jobid: 1 (Rule: run_simulation)
3 of 30 steps (10%) done
[Wed Feb  4 17:43:01 2026]
Finished jobid: 14 (Rule: run_simulation)
4 of 30 steps (13%) done
[Wed Feb  4 17:43:01 2026]
Finished jobid: 17 (Rule: run_simulation)
5 of 30 steps (17%) done
[Wed Feb  4 17:43:02 2026]
Finished jobid: 15 (Rule: run_simulation)
6 of 30 steps (20%) done
[Wed Feb  4 17:43:02 2026]
Finished jobid: 29 (Rule: run_simulation)
7 of 30 steps (23%) done
Select jobs to execute...
Execute 6 jobs...
[Wed Feb  4 17:43:02 2026]
localrule run_simulation:
    input: /data3/VBT_SCZ/GMV/data/derivatives/sub-1857
    output: results/bold/sub-1857_bold.npy
    jobid: 11
    reason: Missing output files: results/bold/sub-1857_bold.npy
    wildcards: pid=sub-1857
    resources: tmpdir=/tmp
[Wed Feb  4 17:43:02 2026]
localrule run_simulation:
    input: /data3/VBT_SCZ/GMV/data/derivatives/sub-2019052302
    output: results/bold/sub-2019052302_bold.npy
    jobid: 26
    reason: Missing output files: results/bold/sub-2019052302_bold.npy
    wildcards: pid=sub-2019052302
    resources: tmpdir=/tmp
[Wed Feb  4 17:43:02 2026]
localrule run_simulation:
    input: /data3/VBT_SCZ/GMV/data/derivatives/sub-1856
    output: results/bold/sub-1856_bold.npy
    jobid: 10
    reason: Missing output files: results/bold/sub-1856_bold.npy
    wildcards: pid=sub-1856
    resources: tmpdir=/tmp
[Wed Feb  4 17:43:02 2026]
localrule run_simulation:
    input: /data3/VBT_SCZ/GMV/data/derivatives/sub-2015121001
    output: results/bold/sub-2015121001_bold.npy
    jobid: 25
    reason: Missing output files: results/bold/sub-2015121001_bold.npy
    wildcards: pid=sub-2015121001
    resources: tmpdir=/tmp
[Wed Feb  4 17:43:02 2026]
localrule run_simulation:
    input: /data3/VBT_SCZ/GMV/data/derivatives/sub-2015120501
    output: results/bold/sub-2015120501_bold.npy
    jobid: 24
    reason: Missing output files: results/bold/sub-2015120501_bold.npy
    wildcards: pid=sub-2015120501
    resources: tmpdir=/tmp
[Wed Feb  4 17:43:02 2026]
localrule run_simulation:
    input: /data3/VBT_SCZ/GMV/data/derivatives/sub-1272
    output: results/bold/sub-1272_bold.npy
    jobid: 4
    reason: Missing output files: results/bold/sub-1272_bold.npy
    wildcards: pid=sub-1272
    resources: tmpdir=/tmp
Select jobs to execute...
[Wed Feb  4 17:43:02 2026]
Finished jobid: 13 (Rule: run_simulation)
8 of 30 steps (27%) done
Execute 1 jobs...
[Wed Feb  4 17:43:02 2026]
localrule run_simulation:
    input: /data3/VBT_SCZ/GMV/data/derivatives/sub-2015060902
    output: results/bold/sub-2015060902_bold.npy
    jobid: 20
    reason: Missing output files: results/bold/sub-2015060902_bold.npy
    wildcards: pid=sub-2015060902
    resources: tmpdir=/tmp
Select jobs to execute...
[Wed Feb  4 17:43:44 2026]
Finished jobid: 11 (Rule: run_simulation)
9 of 30 steps (30%) done
Execute 1 jobs...
[Wed Feb  4 17:43:44 2026]
localrule run_simulation:
    input: /data3/VBT_SCZ/GMV/data/derivatives/sub-1858
    output: results/bold/sub-1858_bold.npy
    jobid: 12
    reason: Missing output files: results/bold/sub-1858_bold.npy
    wildcards: pid=sub-1858
    resources: tmpdir=/tmp
Select jobs to execute...
[Wed Feb  4 17:43:49 2026]
Finished jobid: 26 (Rule: run_simulation)
10 of 30 steps (33%) done
Execute 1 jobs...
[Wed Feb  4 17:43:49 2026]
localrule run_simulation:
    input: /data3/VBT_SCZ/GMV/data/derivatives/sub-2019012101
    output: results/bold/sub-2019012101_bold.npy
    jobid: 27
    reason: Missing output files: results/bold/sub-2019012101_bold.npy
    wildcards: pid=sub-2019012101
    resources: tmpdir=/tmp
Select jobs to execute...
[Wed Feb  4 17:43:50 2026]
Finished jobid: 24 (Rule: run_simulation)
11 of 30 steps (37%) done
Execute 1 jobs...
[Wed Feb  4 17:43:50 2026]
localrule run_simulation:
    input: /data3/VBT_SCZ/GMV/data/derivatives/sub-1279
    output: results/bold/sub-1279_bold.npy
    jobid: 8
    reason: Missing output files: results/bold/sub-1279_bold.npy
    wildcards: pid=sub-1279
    resources: tmpdir=/tmp
Select jobs to execute...
[Wed Feb  4 17:43:51 2026]
Finished jobid: 4 (Rule: run_simulation)
12 of 30 steps (40%) done
Execute 1 jobs...
[Wed Feb  4 17:43:51 2026]
localrule run_simulation:
    input: /data3/VBT_SCZ/GMV/data/derivatives/sub-2015060401
    output: results/bold/sub-2015060401_bold.npy
    jobid: 19
    reason: Missing output files: results/bold/sub-2015060401_bold.npy
    wildcards: pid=sub-2015060401
    resources: tmpdir=/tmp
Select jobs to execute...
[Wed Feb  4 17:43:51 2026]
Finished jobid: 18 (Rule: run_simulation)
13 of 30 steps (43%) done
Execute 1 jobs...
[Wed Feb  4 17:43:51 2026]
localrule run_simulation:
    input: /data3/VBT_SCZ/GMV/data/derivatives/sub-2015120401
    output: results/bold/sub-2015120401_bold.npy
    jobid: 23
    reason: Missing output files: results/bold/sub-2015120401_bold.npy
    wildcards: pid=sub-2015120401
    resources: tmpdir=/tmp
[Wed Feb  4 17:43:51 2026]
Finished jobid: 20 (Rule: run_simulation)
14 of 30 steps (47%) done
Select jobs to execute...
Execute 1 jobs...
[Wed Feb  4 17:43:51 2026]
localrule run_simulation:
    input: /data3/VBT_SCZ/GMV/data/derivatives/sub-1273
    output: results/bold/sub-1273_bold.npy
    jobid: 5
    reason: Missing output files: results/bold/sub-1273_bold.npy
    wildcards: pid=sub-1273
    resources: tmpdir=/tmp
Select jobs to execute...
[Wed Feb  4 17:43:52 2026]
Finished jobid: 25 (Rule: run_simulation)
15 of 30 steps (50%) done
Execute 1 jobs...
[Wed Feb  4 17:43:52 2026]
localrule run_simulation:
    input: /data3/VBT_SCZ/GMV/data/derivatives/sub-1280
    output: results/bold/sub-1280_bold.npy
    jobid: 9
    reason: Missing output files: results/bold/sub-1280_bold.npy
    wildcards: pid=sub-1280
    resources: tmpdir=/tmp
Select jobs to execute...
[Wed Feb  4 17:43:53 2026]
Finished jobid: 10 (Rule: run_simulation)
16 of 30 steps (53%) done
Execute 1 jobs...
[Wed Feb  4 17:43:53 2026]
localrule run_simulation:
    input: /data3/VBT_SCZ/GMV/data/derivatives/sub-2019012402
    output: results/bold/sub-2019012402_bold.npy
    jobid: 28
    reason: Missing output files: results/bold/sub-2019012402_bold.npy
    wildcards: pid=sub-2019012402
    resources: tmpdir=/tmp
Select jobs to execute...
[Wed Feb  4 17:44:34 2026]
Finished jobid: 12 (Rule: run_simulation)
17 of 30 steps (57%) done
Execute 1 jobs...
[Wed Feb  4 17:44:34 2026]
localrule run_simulation:
    input: /data3/VBT_SCZ/GMV/data/derivatives/sub-1855
    output: results/bold/sub-1855_bold.npy
    jobid: 2
    reason: Missing output files: results/bold/sub-1855_bold.npy
    wildcards: pid=sub-1855
    resources: tmpdir=/tmp
Select jobs to execute...
[Wed Feb  4 17:44:37 2026]
Finished jobid: 27 (Rule: run_simulation)
18 of 30 steps (60%) done
Execute 1 jobs...
[Wed Feb  4 17:44:37 2026]
localrule run_simulation:
    input: /data3/VBT_SCZ/GMV/data/derivatives/sub-1276
    output: results/bold/sub-1276_bold.npy
    jobid: 6
    reason: Missing output files: results/bold/sub-1276_bold.npy
    wildcards: pid=sub-1276
    resources: tmpdir=/tmp
Select jobs to execute...
[Wed Feb  4 17:44:39 2026]
Finished jobid: 8 (Rule: run_simulation)
19 of 30 steps (63%) done
Execute 1 jobs...
[Wed Feb  4 17:44:39 2026]
localrule run_simulation:
    input: /data3/VBT_SCZ/GMV/data/derivatives/sub-1269
    output: results/bold/sub-1269_bold.npy
    jobid: 3
    reason: Missing output files: results/bold/sub-1269_bold.npy
    wildcards: pid=sub-1269
    resources: tmpdir=/tmp
Select jobs to execute...
[Wed Feb  4 17:44:40 2026]
Finished jobid: 19 (Rule: run_simulation)
20 of 30 steps (67%) done
Execute 1 jobs...
[Wed Feb  4 17:44:40 2026]
localrule run_simulation:
    input: /data3/VBT_SCZ/GMV/data/derivatives/sub-2015111402
    output: results/bold/sub-2015111402_bold.npy
    jobid: 22
    reason: Missing output files: results/bold/sub-2015111402_bold.npy
    wildcards: pid=sub-2015111402
    resources: tmpdir=/tmp
Select jobs to execute...
[Wed Feb  4 17:44:41 2026]
Finished jobid: 23 (Rule: run_simulation)
21 of 30 steps (70%) done
Execute 1 jobs...
[Wed Feb  4 17:44:41 2026]
localrule run_simulation:
    input: /data3/VBT_SCZ/GMV/data/derivatives/sub-2015061901
    output: results/bold/sub-2015061901_bold.npy
    jobid: 21
    reason: Missing output files: results/bold/sub-2015061901_bold.npy
    wildcards: pid=sub-2015061901
    resources: tmpdir=/tmp
[Wed Feb  4 17:44:41 2026]
Finished jobid: 5 (Rule: run_simulation)
22 of 30 steps (73%) done
[Wed Feb  4 17:44:42 2026]
Finished jobid: 9 (Rule: run_simulation)
23 of 30 steps (77%) done
[Wed Feb  4 17:44:44 2026]
Finished jobid: 28 (Rule: run_simulation)
24 of 30 steps (80%) done
[Wed Feb  4 17:45:24 2026]
Finished jobid: 2 (Rule: run_simulation)
25 of 30 steps (83%) done
[Wed Feb  4 17:45:27 2026]
Finished jobid: 6 (Rule: run_simulation)
26 of 30 steps (87%) done
[Wed Feb  4 17:45:27 2026]
Finished jobid: 3 (Rule: run_simulation)
27 of 30 steps (90%) done
[Wed Feb  4 17:45:30 2026]
Finished jobid: 22 (Rule: run_simulation)
28 of 30 steps (93%) done
[Wed Feb  4 17:45:31 2026]
Finished jobid: 21 (Rule: run_simulation)
29 of 30 steps (97%) done
Select jobs to execute...
Execute 1 jobs...
[Wed Feb  4 17:45:31 2026]
localrule all:
    input: results/bold/sub-1198_bold.npy, results/bold/sub-1855_bold.npy, results/bold/sub-1269_bold.npy, results/bold/sub-1272_bold.npy, results/bold/sub-1273_bold.npy, results/bold/sub-1276_bold.npy, results/bold/sub-1278_bold.npy, results/bold/sub-1279_bold.npy, results/bold/sub-1280_bold.npy, results/bold/sub-1856_bold.npy, results/bold/sub-1857_bold.npy, results/bold/sub-1858_bold.npy, results/bold/sub-1859_bold.npy, results/bold/sub-1860_bold.npy, results/bold/sub-1861_bold.npy, results/bold/sub-1862_bold.npy, results/bold/sub-1863_bold.npy, results/bold/sub-2015052501_bold.npy, results/bold/sub-2015060401_bold.npy, results/bold/sub-2015060902_bold.npy, results/bold/sub-2015061901_bold.npy, results/bold/sub-2015111402_bold.npy, results/bold/sub-2015120401_bold.npy, results/bold/sub-2015120501_bold.npy, results/bold/sub-2015121001_bold.npy, results/bold/sub-2019052302_bold.npy, results/bold/sub-2019012101_bold.npy, results/bold/sub-2019012402_bold.npy, results/bold/sub-2019052301_bold.npy
    jobid: 0
    reason: Input files updated by another job: results/bold/sub-2015061901_bold.npy, results/bold/sub-1273_bold.npy, results/bold/sub-2015052501_bold.npy, results/bold/sub-1860_bold.npy, results/bold/sub-2015121001_bold.npy, results/bold/sub-1862_bold.npy, results/bold/sub-1861_bold.npy, results/bold/sub-1858_bold.npy, results/bold/sub-2019052302_bold.npy, results/bold/sub-2015111402_bold.npy, results/bold/sub-2019052301_bold.npy, results/bold/sub-2015060401_bold.npy, results/bold/sub-1279_bold.npy, results/bold/sub-2015060902_bold.npy, results/bold/sub-1198_bold.npy, results/bold/sub-2015120501_bold.npy, results/bold/sub-2019012402_bold.npy, results/bold/sub-1859_bold.npy, results/bold/sub-1855_bold.npy, results/bold/sub-2019012101_bold.npy, results/bold/sub-1276_bold.npy, results/bold/sub-1280_bold.npy, results/bold/sub-1278_bold.npy, results/bold/sub-1857_bold.npy, results/bold/sub-1272_bold.npy, results/bold/sub-1856_bold.npy, results/bold/sub-1863_bold.npy, results/bold/sub-2015120401_bold.npy, results/bold/sub-1269_bold.npy
    resources: tmpdir=/tmp
[Wed Feb  4 17:45:31 2026]
Finished jobid: 0 (Rule: all)
30 of 30 steps (100%) done
Complete log(s): /data3/VBT_SCZ/GMV/scripts/2_run_simulations/.snakemake/log/2026-02-04T174208.837434.snakemake.log
