Assuming unrestricted shared filesystem usage.
host: EPINOV5
Building DAG of jobs...
Using shell: /home/prior/vep_pipeline/fsl/bin/bash
Provided cores: 8
Rules claiming more threads will be scaled down.
Job stats:
job               count
--------------  -------
all                   1
run_simulation       29
total                30

Select jobs to execute...
Execute 8 jobs...
[Wed Feb  4 17:40:40 2026]
localrule run_simulation:
    input: /data3/VBT_SCZ/GMV/data/derivatives/sub-1863
    output: results/bold/sub-1863_bold.npy
    jobid: 17
    reason: Missing output files: results/bold/sub-1863_bold.npy
    wildcards: pid=sub-1863
    resources: tmpdir=/tmp
[Wed Feb  4 17:40:40 2026]
localrule run_simulation:
    input: /data3/VBT_SCZ/GMV/data/derivatives/sub-1198
    output: results/bold/sub-1198_bold.npy
    jobid: 1
    reason: Missing output files: results/bold/sub-1198_bold.npy
    wildcards: pid=sub-1198
    resources: tmpdir=/tmp
[Wed Feb  4 17:40:40 2026]
localrule run_simulation:
    input: /data3/VBT_SCZ/GMV/data/derivatives/sub-1862
    output: results/bold/sub-1862_bold.npy
    jobid: 16
    reason: Missing output files: results/bold/sub-1862_bold.npy
    wildcards: pid=sub-1862
    resources: tmpdir=/tmp
[Wed Feb  4 17:40:40 2026]
localrule run_simulation:
    input: /data3/VBT_SCZ/GMV/data/derivatives/sub-1861
    output: results/bold/sub-1861_bold.npy
    jobid: 15
    reason: Missing output files: results/bold/sub-1861_bold.npy
    wildcards: pid=sub-1861
    resources: tmpdir=/tmp
[Wed Feb  4 17:40:40 2026]
localrule run_simulation:
    input: /data3/VBT_SCZ/GMV/data/derivatives/sub-1860
    output: results/bold/sub-1860_bold.npy
    jobid: 14
    reason: Missing output files: results/bold/sub-1860_bold.npy
    wildcards: pid=sub-1860
    resources: tmpdir=/tmp
[Wed Feb  4 17:40:40 2026]
localrule run_simulation:
    input: /data3/VBT_SCZ/GMV/data/derivatives/sub-2019052301
    output: results/bold/sub-2019052301_bold.npy
    jobid: 29
    reason: Missing output files: results/bold/sub-2019052301_bold.npy
    wildcards: pid=sub-2019052301
    resources: tmpdir=/tmp
[Wed Feb  4 17:40:40 2026]
localrule run_simulation:
    input: /data3/VBT_SCZ/GMV/data/derivatives/sub-1859
    output: results/bold/sub-1859_bold.npy
    jobid: 13
    reason: Missing output files: results/bold/sub-1859_bold.npy
    wildcards: pid=sub-1859
    resources: tmpdir=/tmp
[Wed Feb  4 17:40:40 2026]
localrule run_simulation:
    input: /data3/VBT_SCZ/GMV/data/derivatives/sub-1278
    output: results/bold/sub-1278_bold.npy
    jobid: 7
    reason: Missing output files: results/bold/sub-1278_bold.npy
    wildcards: pid=sub-1278
    resources: tmpdir=/tmp
RuleException:
CalledProcessError in file "/data3/VBT_SCZ/GMV/scripts/2_run_simulations/Snakefile", line 26:
Command 'set -euo pipefail;  
        python scripts/run_simulation.py             sub-1863             /data3/VBT_SCZ/GMV/data/derivatives/sub-1863             results/bold/sub-1863_bold.npy' returned non-zero exit status 2.
[Wed Feb  4 17:40:40 2026]
Error in rule run_simulation:
    message: None
    jobid: 17
    input: /data3/VBT_SCZ/GMV/data/derivatives/sub-1863
    output: results/bold/sub-1863_bold.npy
    shell:
        
        python scripts/run_simulation.py             sub-1863             /data3/VBT_SCZ/GMV/data/derivatives/sub-1863             results/bold/sub-1863_bold.npy
        
        (command exited with non-zero exit code)
RuleException:
CalledProcessError in file "/data3/VBT_SCZ/GMV/scripts/2_run_simulations/Snakefile", line 26:
Command 'set -euo pipefail;  
        python scripts/run_simulation.py             sub-1198             /data3/VBT_SCZ/GMV/data/derivatives/sub-1198             results/bold/sub-1198_bold.npy' returned non-zero exit status 2.
[Wed Feb  4 17:40:40 2026]
Error in rule run_simulation:
    message: None
    jobid: 1
    input: /data3/VBT_SCZ/GMV/data/derivatives/sub-1198
    output: results/bold/sub-1198_bold.npy
    shell:
        
        python scripts/run_simulation.py             sub-1198             /data3/VBT_SCZ/GMV/data/derivatives/sub-1198             results/bold/sub-1198_bold.npy
        
        (command exited with non-zero exit code)
RuleException:
CalledProcessError in file "/data3/VBT_SCZ/GMV/scripts/2_run_simulations/Snakefile", line 26:
Command 'set -euo pipefail;  
        python scripts/run_simulation.py             sub-1862             /data3/VBT_SCZ/GMV/data/derivatives/sub-1862             results/bold/sub-1862_bold.npy' returned non-zero exit status 2.
[Wed Feb  4 17:40:40 2026]
Error in rule run_simulation:
    message: None
    jobid: 16
    input: /data3/VBT_SCZ/GMV/data/derivatives/sub-1862
    output: results/bold/sub-1862_bold.npy
    shell:
        
        python scripts/run_simulation.py             sub-1862             /data3/VBT_SCZ/GMV/data/derivatives/sub-1862             results/bold/sub-1862_bold.npy
        
        (command exited with non-zero exit code)
RuleException:
CalledProcessError in file "/data3/VBT_SCZ/GMV/scripts/2_run_simulations/Snakefile", line 26:
Command 'set -euo pipefail;  
        python scripts/run_simulation.py             sub-2019052301             /data3/VBT_SCZ/GMV/data/derivatives/sub-2019052301             results/bold/sub-2019052301_bold.npy' returned non-zero exit status 2.
RuleException:
CalledProcessError in file "/data3/VBT_SCZ/GMV/scripts/2_run_simulations/Snakefile", line 26:
Command 'set -euo pipefail;  
        python scripts/run_simulation.py             sub-1859             /data3/VBT_SCZ/GMV/data/derivatives/sub-1859             results/bold/sub-1859_bold.npy' returned non-zero exit status 2.
[Wed Feb  4 17:40:40 2026]
Error in rule run_simulation:
    message: None
    jobid: 29
    input: /data3/VBT_SCZ/GMV/data/derivatives/sub-2019052301
    output: results/bold/sub-2019052301_bold.npy
    shell:
        
        python scripts/run_simulation.py             sub-2019052301             /data3/VBT_SCZ/GMV/data/derivatives/sub-2019052301             results/bold/sub-2019052301_bold.npy
        
        (command exited with non-zero exit code)
[Wed Feb  4 17:40:40 2026]
Error in rule run_simulation:
    message: None
    jobid: 13
    input: /data3/VBT_SCZ/GMV/data/derivatives/sub-1859
    output: results/bold/sub-1859_bold.npy
    shell:
        
        python scripts/run_simulation.py             sub-1859             /data3/VBT_SCZ/GMV/data/derivatives/sub-1859             results/bold/sub-1859_bold.npy
        
        (command exited with non-zero exit code)
RuleException:
CalledProcessError in file "/data3/VBT_SCZ/GMV/scripts/2_run_simulations/Snakefile", line 26:
Command 'set -euo pipefail;  
        python scripts/run_simulation.py             sub-1860             /data3/VBT_SCZ/GMV/data/derivatives/sub-1860             results/bold/sub-1860_bold.npy' returned non-zero exit status 2.
[Wed Feb  4 17:40:40 2026]
Error in rule run_simulation:
    message: None
    jobid: 14
    input: /data3/VBT_SCZ/GMV/data/derivatives/sub-1860
    output: results/bold/sub-1860_bold.npy
    shell:
        
        python scripts/run_simulation.py             sub-1860             /data3/VBT_SCZ/GMV/data/derivatives/sub-1860             results/bold/sub-1860_bold.npy
        
        (command exited with non-zero exit code)
RuleException:
CalledProcessError in file "/data3/VBT_SCZ/GMV/scripts/2_run_simulations/Snakefile", line 26:
Command 'set -euo pipefail;  
        python scripts/run_simulation.py             sub-1861             /data3/VBT_SCZ/GMV/data/derivatives/sub-1861             results/bold/sub-1861_bold.npy' returned non-zero exit status 2.
[Wed Feb  4 17:40:40 2026]
Error in rule run_simulation:
    message: None
    jobid: 15
    input: /data3/VBT_SCZ/GMV/data/derivatives/sub-1861
    output: results/bold/sub-1861_bold.npy
    shell:
        
        python scripts/run_simulation.py             sub-1861             /data3/VBT_SCZ/GMV/data/derivatives/sub-1861             results/bold/sub-1861_bold.npy
        
        (command exited with non-zero exit code)
RuleException:
CalledProcessError in file "/data3/VBT_SCZ/GMV/scripts/2_run_simulations/Snakefile", line 26:
Command 'set -euo pipefail;  
        python scripts/run_simulation.py             sub-1278             /data3/VBT_SCZ/GMV/data/derivatives/sub-1278             results/bold/sub-1278_bold.npy' returned non-zero exit status 2.
[Wed Feb  4 17:40:40 2026]
Error in rule run_simulation:
    message: None
    jobid: 7
    input: /data3/VBT_SCZ/GMV/data/derivatives/sub-1278
    output: results/bold/sub-1278_bold.npy
    shell:
        
        python scripts/run_simulation.py             sub-1278             /data3/VBT_SCZ/GMV/data/derivatives/sub-1278             results/bold/sub-1278_bold.npy
        
        (command exited with non-zero exit code)
Shutting down, this might take some time.
Exiting because a job execution failed. Look below for error messages
[Wed Feb  4 17:40:40 2026]
Error in rule run_simulation:
    message: None
    jobid: 14
    input: /data3/VBT_SCZ/GMV/data/derivatives/sub-1860
    output: results/bold/sub-1860_bold.npy
    shell:
        
        python scripts/run_simulation.py             sub-1860             /data3/VBT_SCZ/GMV/data/derivatives/sub-1860             results/bold/sub-1860_bold.npy
        
        (command exited with non-zero exit code)
[Wed Feb  4 17:40:40 2026]
Error in rule run_simulation:
    message: None
    jobid: 29
    input: /data3/VBT_SCZ/GMV/data/derivatives/sub-2019052301
    output: results/bold/sub-2019052301_bold.npy
    shell:
        
        python scripts/run_simulation.py             sub-2019052301             /data3/VBT_SCZ/GMV/data/derivatives/sub-2019052301             results/bold/sub-2019052301_bold.npy
        
        (command exited with non-zero exit code)
[Wed Feb  4 17:40:40 2026]
Error in rule run_simulation:
    message: None
    jobid: 17
    input: /data3/VBT_SCZ/GMV/data/derivatives/sub-1863
    output: results/bold/sub-1863_bold.npy
    shell:
        
        python scripts/run_simulation.py             sub-1863             /data3/VBT_SCZ/GMV/data/derivatives/sub-1863             results/bold/sub-1863_bold.npy
        
        (command exited with non-zero exit code)
[Wed Feb  4 17:40:40 2026]
Error in rule run_simulation:
    message: None
    jobid: 13
    input: /data3/VBT_SCZ/GMV/data/derivatives/sub-1859
    output: results/bold/sub-1859_bold.npy
    shell:
        
        python scripts/run_simulation.py             sub-1859             /data3/VBT_SCZ/GMV/data/derivatives/sub-1859             results/bold/sub-1859_bold.npy
        
        (command exited with non-zero exit code)
[Wed Feb  4 17:40:40 2026]
Error in rule run_simulation:
    message: None
    jobid: 1
    input: /data3/VBT_SCZ/GMV/data/derivatives/sub-1198
    output: results/bold/sub-1198_bold.npy
    shell:
        
        python scripts/run_simulation.py             sub-1198             /data3/VBT_SCZ/GMV/data/derivatives/sub-1198             results/bold/sub-1198_bold.npy
        
        (command exited with non-zero exit code)
[Wed Feb  4 17:40:40 2026]
Error in rule run_simulation:
    message: None
    jobid: 16
    input: /data3/VBT_SCZ/GMV/data/derivatives/sub-1862
    output: results/bold/sub-1862_bold.npy
    shell:
        
        python scripts/run_simulation.py             sub-1862             /data3/VBT_SCZ/GMV/data/derivatives/sub-1862             results/bold/sub-1862_bold.npy
        
        (command exited with non-zero exit code)
[Wed Feb  4 17:40:40 2026]
Error in rule run_simulation:
    message: None
    jobid: 15
    input: /data3/VBT_SCZ/GMV/data/derivatives/sub-1861
    output: results/bold/sub-1861_bold.npy
    shell:
        
        python scripts/run_simulation.py             sub-1861             /data3/VBT_SCZ/GMV/data/derivatives/sub-1861             results/bold/sub-1861_bold.npy
        
        (command exited with non-zero exit code)
[Wed Feb  4 17:40:40 2026]
Error in rule run_simulation:
    message: None
    jobid: 7
    input: /data3/VBT_SCZ/GMV/data/derivatives/sub-1278
    output: results/bold/sub-1278_bold.npy
    shell:
        
        python scripts/run_simulation.py             sub-1278             /data3/VBT_SCZ/GMV/data/derivatives/sub-1278             results/bold/sub-1278_bold.npy
        
        (command exited with non-zero exit code)
Complete log(s): /data3/VBT_SCZ/GMV/scripts/2_run_simulations/.snakemake/log/2026-02-04T174040.510340.snakemake.log
WorkflowError:
At least one job did not complete successfully.
